{"/home/codio/workspace/config/blueprints.js":{"path":"/home/codio/workspace/config/blueprints.js","s":{"1":1},"b":{},"f":{},"fnMap":{},"statementMap":{"1":{"start":{"line":26,"column":0},"end":{"line":151,"column":2}}},"branchMap":{}},"/home/codio/workspace/config/bootstrap.js":{"path":"/home/codio/workspace/config/bootstrap.js","s":{"1":1,"2":1},"b":{},"f":{"1":1},"fnMap":{"1":{"name":"(anonymous_1)","line":12,"loc":{"start":{"line":12,"column":27},"end":{"line":12,"column":40}}}},"statementMap":{"1":{"start":{"line":12,"column":0},"end":{"line":17,"column":2}},"2":{"start":{"line":16,"column":2},"end":{"line":16,"column":7}}},"branchMap":{}},"/home/codio/workspace/config/connections.js":{"path":"/home/codio/workspace/config/connections.js","s":{"1":1},"b":{},"f":{},"fnMap":{},"statementMap":{"1":{"start":{"line":22,"column":0},"end":{"line":92,"column":2}}},"branchMap":{}},"/home/codio/workspace/config/cors.js":{"path":"/home/codio/workspace/config/cors.js","s":{"1":1},"b":{},"f":{},"fnMap":{},"statementMap":{"1":{"start":{"line":29,"column":0},"end":{"line":78,"column":2}}},"branchMap":{}},"/home/codio/workspace/config/csrf.js":{"path":"/home/codio/workspace/config/csrf.js","s":{},"b":{},"f":{},"fnMap":{},"statementMap":{},"branchMap":{}},"/home/codio/workspace/config/globals.js":{"path":"/home/codio/workspace/config/globals.js","s":{"1":1},"b":{},"f":{},"fnMap":{},"statementMap":{"1":{"start":{"line":11,"column":0},"end":{"line":63,"column":2}}},"branchMap":{}},"/home/codio/workspace/config/http.js":{"path":"/home/codio/workspace/config/http.js","s":{"1":1},"b":{},"f":{},"fnMap":{},"statementMap":{"1":{"start":{"line":12,"column":0},"end":{"line":87,"column":2}}},"branchMap":{}},"/home/codio/workspace/config/i18n.js":{"path":"/home/codio/workspace/config/i18n.js","s":{"1":1},"b":{},"f":{},"fnMap":{},"statementMap":{"1":{"start":{"line":18,"column":0},"end":{"line":57,"column":2}}},"branchMap":{}},"/home/codio/workspace/config/local.js":{"path":"/home/codio/workspace/config/local.js","s":{"1":2},"b":{"1":[2,2]},"f":{},"fnMap":{},"statementMap":{"1":{"start":{"line":30,"column":0},"end":{"line":85,"column":2}}},"branchMap":{"1":{"line":63,"type":"binary-expr","locations":[{"start":{"line":63,"column":9},"end":{"line":63,"column":25}},{"start":{"line":63,"column":29},"end":{"line":63,"column":33}}]}}},"/home/codio/workspace/config/log.js":{"path":"/home/codio/workspace/config/log.js","s":{"1":1},"b":{},"f":{},"fnMap":{},"statementMap":{"1":{"start":{"line":13,"column":0},"end":{"line":29,"column":2}}},"branchMap":{}},"/home/codio/workspace/config/models.js":{"path":"/home/codio/workspace/config/models.js","s":{"1":1},"b":{},"f":{},"fnMap":{},"statementMap":{"1":{"start":{"line":12,"column":0},"end":{"line":32,"column":2}}},"branchMap":{}},"/home/codio/workspace/config/policies.js":{"path":"/home/codio/workspace/config/policies.js","s":{"1":1},"b":{},"f":{},"fnMap":{},"statementMap":{"1":{"start":{"line":20,"column":0},"end":{"line":51,"column":2}}},"branchMap":{}},"/home/codio/workspace/config/routes.js":{"path":"/home/codio/workspace/config/routes.js","s":{"1":1},"b":{},"f":{},"fnMap":{},"statementMap":{"1":{"start":{"line":23,"column":0},"end":{"line":62,"column":2}}},"branchMap":{}},"/home/codio/workspace/config/session.js":{"path":"/home/codio/workspace/config/session.js","s":{"1":1},"b":{},"f":{},"fnMap":{},"statementMap":{"1":{"start":{"line":15,"column":0},"end":{"line":91,"column":2}}},"branchMap":{}},"/home/codio/workspace/config/sockets.js":{"path":"/home/codio/workspace/config/sockets.js","s":{"1":1},"b":{},"f":{},"fnMap":{},"statementMap":{"1":{"start":{"line":13,"column":0},"end":{"line":135,"column":2}}},"branchMap":{}},"/home/codio/workspace/config/views.js":{"path":"/home/codio/workspace/config/views.js","s":{"1":1},"b":{},"f":{},"fnMap":{},"statementMap":{"1":{"start":{"line":14,"column":0},"end":{"line":95,"column":2}}},"branchMap":{}},"/home/codio/workspace/config/env/development.js":{"path":"/home/codio/workspace/config/env/development.js","s":{"1":1},"b":{},"f":{},"fnMap":{},"statementMap":{"1":{"start":{"line":13,"column":0},"end":{"line":24,"column":2}}},"branchMap":{}},"/home/codio/workspace/api/responses/badRequest.js":{"path":"/home/codio/workspace/api/responses/badRequest.js","s":{"1":1,"2":0,"3":0,"4":0,"5":0,"6":0,"7":0,"8":0,"9":0,"10":0,"11":0,"12":0,"13":0,"14":0,"15":0,"16":0,"17":0},"b":{"1":[0,0],"2":[0,0],"3":[0,0],"4":[0,0],"5":[0,0],"6":[0,0]},"f":{"1":0,"2":0},"fnMap":{"1":{"name":"badRequest","line":18,"loc":{"start":{"line":18,"column":17},"end":{"line":18,"column":52}}},"2":{"name":"couldNotGuessView","line":59,"loc":{"start":{"line":59,"column":44},"end":{"line":59,"column":74}}}},"statementMap":{"1":{"start":{"line":18,"column":0},"end":{"line":63,"column":2}},"2":{"start":{"line":21,"column":2},"end":{"line":21,"column":21}},"3":{"start":{"line":22,"column":2},"end":{"line":22,"column":21}},"4":{"start":{"line":23,"column":2},"end":{"line":23,"column":25}},"5":{"start":{"line":26,"column":2},"end":{"line":26,"column":18}},"6":{"start":{"line":29,"column":2},"end":{"line":32,"column":65}},"7":{"start":{"line":30,"column":4},"end":{"line":30,"column":71}},"8":{"start":{"line":32,"column":7},"end":{"line":32,"column":65}},"9":{"start":{"line":37,"column":2},"end":{"line":39,"column":3}},"10":{"start":{"line":38,"column":4},"end":{"line":38,"column":21}},"11":{"start":{"line":42,"column":2},"end":{"line":44,"column":3}},"12":{"start":{"line":43,"column":4},"end":{"line":43,"column":27}},"13":{"start":{"line":48,"column":2},"end":{"line":48,"column":78}},"14":{"start":{"line":53,"column":2},"end":{"line":61,"column":5}},"15":{"start":{"line":54,"column":4},"end":{"line":54,"column":50}},"16":{"start":{"line":59,"column":7},"end":{"line":61,"column":5}},"17":{"start":{"line":60,"column":4},"end":{"line":60,"column":27}}},"branchMap":{"1":{"line":29,"type":"if","locations":[{"start":{"line":29,"column":2},"end":{"line":29,"column":2}},{"start":{"line":29,"column":2},"end":{"line":29,"column":2}}]},"2":{"line":37,"type":"if","locations":[{"start":{"line":37,"column":2},"end":{"line":37,"column":2}},{"start":{"line":37,"column":2},"end":{"line":37,"column":2}}]},"3":{"line":42,"type":"if","locations":[{"start":{"line":42,"column":2},"end":{"line":42,"column":2}},{"start":{"line":42,"column":2},"end":{"line":42,"column":2}}]},"4":{"line":48,"type":"cond-expr","locations":[{"start":{"line":48,"column":44},"end":{"line":48,"column":61}},{"start":{"line":48,"column":64},"end":{"line":48,"column":77}}]},"5":{"line":48,"type":"binary-expr","locations":[{"start":{"line":48,"column":64},"end":{"line":48,"column":71}},{"start":{"line":48,"column":75},"end":{"line":48,"column":77}}]},"6":{"line":53,"type":"if","locations":[{"start":{"line":53,"column":2},"end":{"line":53,"column":2}},{"start":{"line":53,"column":2},"end":{"line":53,"column":2}}]}}},"/home/codio/workspace/api/responses/forbidden.js":{"path":"/home/codio/workspace/api/responses/forbidden.js","s":{"1":1,"2":0,"3":0,"4":0,"5":0,"6":0,"7":0,"8":0,"9":0,"10":0,"11":0,"12":0,"13":0,"14":0,"15":0,"16":0,"17":0,"18":0,"19":0,"20":0,"21":0,"22":0},"b":{"1":[0,0],"2":[0,0],"3":[0,0],"4":[0,0],"5":[0,0],"6":[0,0],"7":[0,0],"8":[0,0]},"f":{"1":0,"2":0},"fnMap":{"1":{"name":"forbidden","line":15,"loc":{"start":{"line":15,"column":17},"end":{"line":15,"column":52}}},"2":{"name":"(anonymous_2)","line":56,"loc":{"start":{"line":56,"column":46},"end":{"line":56,"column":67}}}},"statementMap":{"1":{"start":{"line":15,"column":0},"end":{"line":76,"column":2}},"2":{"start":{"line":18,"column":2},"end":{"line":18,"column":21}},"3":{"start":{"line":19,"column":2},"end":{"line":19,"column":21}},"4":{"start":{"line":20,"column":2},"end":{"line":20,"column":25}},"5":{"start":{"line":23,"column":2},"end":{"line":23,"column":18}},"6":{"start":{"line":26,"column":2},"end":{"line":29,"column":63}},"7":{"start":{"line":27,"column":4},"end":{"line":27,"column":69}},"8":{"start":{"line":29,"column":7},"end":{"line":29,"column":63}},"9":{"start":{"line":34,"column":2},"end":{"line":36,"column":3}},"10":{"start":{"line":35,"column":4},"end":{"line":35,"column":21}},"11":{"start":{"line":39,"column":2},"end":{"line":41,"column":3}},"12":{"start":{"line":40,"column":4},"end":{"line":40,"column":27}},"13":{"start":{"line":45,"column":2},"end":{"line":45,"column":78}},"14":{"start":{"line":50,"column":2},"end":{"line":74,"column":5}},"15":{"start":{"line":51,"column":4},"end":{"line":51,"column":50}},"16":{"start":{"line":56,"column":7},"end":{"line":74,"column":5}},"17":{"start":{"line":59,"column":4},"end":{"line":71,"column":5}},"18":{"start":{"line":63,"column":6},"end":{"line":69,"column":7}},"19":{"start":{"line":64,"column":8},"end":{"line":64,"column":124}},"20":{"start":{"line":68,"column":8},"end":{"line":68,"column":145}},"21":{"start":{"line":70,"column":6},"end":{"line":70,"column":29}},"22":{"start":{"line":73,"column":4},"end":{"line":73,"column":26}}},"branchMap":{"1":{"line":26,"type":"if","locations":[{"start":{"line":26,"column":2},"end":{"line":26,"column":2}},{"start":{"line":26,"column":2},"end":{"line":26,"column":2}}]},"2":{"line":34,"type":"if","locations":[{"start":{"line":34,"column":2},"end":{"line":34,"column":2}},{"start":{"line":34,"column":2},"end":{"line":34,"column":2}}]},"3":{"line":39,"type":"if","locations":[{"start":{"line":39,"column":2},"end":{"line":39,"column":2}},{"start":{"line":39,"column":2},"end":{"line":39,"column":2}}]},"4":{"line":45,"type":"cond-expr","locations":[{"start":{"line":45,"column":44},"end":{"line":45,"column":61}},{"start":{"line":45,"column":64},"end":{"line":45,"column":77}}]},"5":{"line":45,"type":"binary-expr","locations":[{"start":{"line":45,"column":64},"end":{"line":45,"column":71}},{"start":{"line":45,"column":75},"end":{"line":45,"column":77}}]},"6":{"line":50,"type":"if","locations":[{"start":{"line":50,"column":2},"end":{"line":50,"column":2}},{"start":{"line":50,"column":2},"end":{"line":50,"column":2}}]},"7":{"line":59,"type":"if","locations":[{"start":{"line":59,"column":4},"end":{"line":59,"column":4}},{"start":{"line":59,"column":4},"end":{"line":59,"column":4}}]},"8":{"line":63,"type":"if","locations":[{"start":{"line":63,"column":6},"end":{"line":63,"column":6}},{"start":{"line":63,"column":6},"end":{"line":63,"column":6}}]}}},"/home/codio/workspace/api/responses/notFound.js":{"path":"/home/codio/workspace/api/responses/notFound.js","s":{"1":1,"2":0,"3":0,"4":0,"5":0,"6":0,"7":0,"8":0,"9":0,"10":0,"11":0,"12":0,"13":0,"14":0,"15":0,"16":0,"17":0,"18":0,"19":0,"20":0,"21":0,"22":0},"b":{"1":[0,0],"2":[0,0],"3":[0,0],"4":[0,0],"5":[0,0],"6":[0,0],"7":[0,0],"8":[0,0]},"f":{"1":0,"2":0},"fnMap":{"1":{"name":"notFound","line":20,"loc":{"start":{"line":20,"column":17},"end":{"line":20,"column":51}}},"2":{"name":"(anonymous_2)","line":61,"loc":{"start":{"line":61,"column":46},"end":{"line":61,"column":67}}}},"statementMap":{"1":{"start":{"line":20,"column":0},"end":{"line":81,"column":2}},"2":{"start":{"line":23,"column":2},"end":{"line":23,"column":21}},"3":{"start":{"line":24,"column":2},"end":{"line":24,"column":21}},"4":{"start":{"line":25,"column":2},"end":{"line":25,"column":25}},"5":{"start":{"line":28,"column":2},"end":{"line":28,"column":18}},"6":{"start":{"line":31,"column":2},"end":{"line":34,"column":63}},"7":{"start":{"line":32,"column":4},"end":{"line":32,"column":69}},"8":{"start":{"line":34,"column":7},"end":{"line":34,"column":63}},"9":{"start":{"line":39,"column":2},"end":{"line":41,"column":3}},"10":{"start":{"line":40,"column":4},"end":{"line":40,"column":21}},"11":{"start":{"line":44,"column":2},"end":{"line":46,"column":3}},"12":{"start":{"line":45,"column":4},"end":{"line":45,"column":27}},"13":{"start":{"line":50,"column":2},"end":{"line":50,"column":78}},"14":{"start":{"line":55,"column":2},"end":{"line":79,"column":5}},"15":{"start":{"line":56,"column":4},"end":{"line":56,"column":50}},"16":{"start":{"line":61,"column":7},"end":{"line":79,"column":5}},"17":{"start":{"line":64,"column":4},"end":{"line":76,"column":5}},"18":{"start":{"line":68,"column":6},"end":{"line":74,"column":7}},"19":{"start":{"line":69,"column":8},"end":{"line":69,"column":123}},"20":{"start":{"line":73,"column":8},"end":{"line":73,"column":144}},"21":{"start":{"line":75,"column":6},"end":{"line":75,"column":29}},"22":{"start":{"line":78,"column":4},"end":{"line":78,"column":26}}},"branchMap":{"1":{"line":31,"type":"if","locations":[{"start":{"line":31,"column":2},"end":{"line":31,"column":2}},{"start":{"line":31,"column":2},"end":{"line":31,"column":2}}]},"2":{"line":39,"type":"if","locations":[{"start":{"line":39,"column":2},"end":{"line":39,"column":2}},{"start":{"line":39,"column":2},"end":{"line":39,"column":2}}]},"3":{"line":44,"type":"if","locations":[{"start":{"line":44,"column":2},"end":{"line":44,"column":2}},{"start":{"line":44,"column":2},"end":{"line":44,"column":2}}]},"4":{"line":50,"type":"cond-expr","locations":[{"start":{"line":50,"column":44},"end":{"line":50,"column":61}},{"start":{"line":50,"column":64},"end":{"line":50,"column":77}}]},"5":{"line":50,"type":"binary-expr","locations":[{"start":{"line":50,"column":64},"end":{"line":50,"column":71}},{"start":{"line":50,"column":75},"end":{"line":50,"column":77}}]},"6":{"line":55,"type":"if","locations":[{"start":{"line":55,"column":2},"end":{"line":55,"column":2}},{"start":{"line":55,"column":2},"end":{"line":55,"column":2}}]},"7":{"line":64,"type":"if","locations":[{"start":{"line":64,"column":4},"end":{"line":64,"column":4}},{"start":{"line":64,"column":4},"end":{"line":64,"column":4}}]},"8":{"line":68,"type":"if","locations":[{"start":{"line":68,"column":6},"end":{"line":68,"column":6}},{"start":{"line":68,"column":6},"end":{"line":68,"column":6}}]}}},"/home/codio/workspace/api/responses/ok.js":{"path":"/home/codio/workspace/api/responses/ok.js","s":{"1":1,"2":0,"3":0,"4":0,"5":0,"6":0,"7":0,"8":0,"9":0,"10":0,"11":0,"12":0,"13":0},"b":{"1":[0,0],"2":[0,0],"3":[0,0],"4":[0,0]},"f":{"1":0,"2":0},"fnMap":{"1":{"name":"sendOK","line":14,"loc":{"start":{"line":14,"column":17},"end":{"line":14,"column":49}}},"2":{"name":"couldNotGuessView","line":44,"loc":{"start":{"line":44,"column":44},"end":{"line":44,"column":74}}}},"statementMap":{"1":{"start":{"line":14,"column":0},"end":{"line":48,"column":2}},"2":{"start":{"line":17,"column":2},"end":{"line":17,"column":21}},"3":{"start":{"line":18,"column":2},"end":{"line":18,"column":21}},"4":{"start":{"line":19,"column":2},"end":{"line":19,"column":25}},"5":{"start":{"line":21,"column":2},"end":{"line":21,"column":61}},"6":{"start":{"line":24,"column":2},"end":{"line":24,"column":18}},"7":{"start":{"line":27,"column":2},"end":{"line":29,"column":3}},"8":{"start":{"line":28,"column":4},"end":{"line":28,"column":27}},"9":{"start":{"line":33,"column":2},"end":{"line":33,"column":78}},"10":{"start":{"line":38,"column":2},"end":{"line":46,"column":5}},"11":{"start":{"line":39,"column":4},"end":{"line":39,"column":50}},"12":{"start":{"line":44,"column":7},"end":{"line":46,"column":5}},"13":{"start":{"line":45,"column":4},"end":{"line":45,"column":27}}},"branchMap":{"1":{"line":27,"type":"if","locations":[{"start":{"line":27,"column":2},"end":{"line":27,"column":2}},{"start":{"line":27,"column":2},"end":{"line":27,"column":2}}]},"2":{"line":33,"type":"cond-expr","locations":[{"start":{"line":33,"column":44},"end":{"line":33,"column":61}},{"start":{"line":33,"column":64},"end":{"line":33,"column":77}}]},"3":{"line":33,"type":"binary-expr","locations":[{"start":{"line":33,"column":64},"end":{"line":33,"column":71}},{"start":{"line":33,"column":75},"end":{"line":33,"column":77}}]},"4":{"line":38,"type":"if","locations":[{"start":{"line":38,"column":2},"end":{"line":38,"column":2}},{"start":{"line":38,"column":2},"end":{"line":38,"column":2}}]}}},"/home/codio/workspace/api/responses/serverError.js":{"path":"/home/codio/workspace/api/responses/serverError.js","s":{"1":1,"2":0,"3":0,"4":0,"5":0,"6":0,"7":0,"8":0,"9":0,"10":0,"11":0,"12":0,"13":0,"14":0,"15":0,"16":0,"17":0,"18":0,"19":0,"20":0,"21":0,"22":0},"b":{"1":[0,0],"2":[0,0],"3":[0,0],"4":[0,0],"5":[0,0],"6":[0,0],"7":[0,0],"8":[0,0]},"f":{"1":0,"2":0},"fnMap":{"1":{"name":"serverError","line":15,"loc":{"start":{"line":15,"column":17},"end":{"line":15,"column":54}}},"2":{"name":"(anonymous_2)","line":56,"loc":{"start":{"line":56,"column":46},"end":{"line":56,"column":67}}}},"statementMap":{"1":{"start":{"line":15,"column":0},"end":{"line":76,"column":2}},"2":{"start":{"line":18,"column":2},"end":{"line":18,"column":21}},"3":{"start":{"line":19,"column":2},"end":{"line":19,"column":21}},"4":{"start":{"line":20,"column":2},"end":{"line":20,"column":25}},"5":{"start":{"line":23,"column":2},"end":{"line":23,"column":18}},"6":{"start":{"line":26,"column":2},"end":{"line":29,"column":70}},"7":{"start":{"line":27,"column":4},"end":{"line":27,"column":70}},"8":{"start":{"line":29,"column":7},"end":{"line":29,"column":70}},"9":{"start":{"line":34,"column":2},"end":{"line":36,"column":3}},"10":{"start":{"line":35,"column":4},"end":{"line":35,"column":21}},"11":{"start":{"line":39,"column":2},"end":{"line":41,"column":3}},"12":{"start":{"line":40,"column":4},"end":{"line":40,"column":27}},"13":{"start":{"line":45,"column":2},"end":{"line":45,"column":78}},"14":{"start":{"line":50,"column":2},"end":{"line":74,"column":5}},"15":{"start":{"line":51,"column":4},"end":{"line":51,"column":50}},"16":{"start":{"line":56,"column":7},"end":{"line":74,"column":5}},"17":{"start":{"line":59,"column":4},"end":{"line":71,"column":5}},"18":{"start":{"line":63,"column":6},"end":{"line":69,"column":7}},"19":{"start":{"line":64,"column":8},"end":{"line":64,"column":126}},"20":{"start":{"line":68,"column":8},"end":{"line":68,"column":147}},"21":{"start":{"line":70,"column":6},"end":{"line":70,"column":29}},"22":{"start":{"line":73,"column":4},"end":{"line":73,"column":26}}},"branchMap":{"1":{"line":26,"type":"if","locations":[{"start":{"line":26,"column":2},"end":{"line":26,"column":2}},{"start":{"line":26,"column":2},"end":{"line":26,"column":2}}]},"2":{"line":34,"type":"if","locations":[{"start":{"line":34,"column":2},"end":{"line":34,"column":2}},{"start":{"line":34,"column":2},"end":{"line":34,"column":2}}]},"3":{"line":39,"type":"if","locations":[{"start":{"line":39,"column":2},"end":{"line":39,"column":2}},{"start":{"line":39,"column":2},"end":{"line":39,"column":2}}]},"4":{"line":45,"type":"cond-expr","locations":[{"start":{"line":45,"column":44},"end":{"line":45,"column":61}},{"start":{"line":45,"column":64},"end":{"line":45,"column":77}}]},"5":{"line":45,"type":"binary-expr","locations":[{"start":{"line":45,"column":64},"end":{"line":45,"column":71}},{"start":{"line":45,"column":75},"end":{"line":45,"column":77}}]},"6":{"line":50,"type":"if","locations":[{"start":{"line":50,"column":2},"end":{"line":50,"column":2}},{"start":{"line":50,"column":2},"end":{"line":50,"column":2}}]},"7":{"line":59,"type":"if","locations":[{"start":{"line":59,"column":4},"end":{"line":59,"column":4}},{"start":{"line":59,"column":4},"end":{"line":59,"column":4}}]},"8":{"line":63,"type":"if","locations":[{"start":{"line":63,"column":6},"end":{"line":63,"column":6}},{"start":{"line":63,"column":6},"end":{"line":63,"column":6}}]}}},"/home/codio/workspace/api/models/Bus.js":{"path":"/home/codio/workspace/api/models/Bus.js","s":{"1":1},"b":{},"f":{},"fnMap":{},"statementMap":{"1":{"start":{"line":8,"column":0},"end":{"line":20,"column":2}}},"branchMap":{}},"/home/codio/workspace/api/models/Flight.js":{"path":"/home/codio/workspace/api/models/Flight.js","s":{"1":1},"b":{},"f":{},"fnMap":{},"statementMap":{"1":{"start":{"line":8,"column":0},"end":{"line":21,"column":2}}},"branchMap":{}},"/home/codio/workspace/api/models/Train.js":{"path":"/home/codio/workspace/api/models/Train.js","s":{"1":1},"b":{},"f":{},"fnMap":{},"statementMap":{"1":{"start":{"line":8,"column":0},"end":{"line":22,"column":2}}},"branchMap":{}},"/home/codio/workspace/api/models/User.js":{"path":"/home/codio/workspace/api/models/User.js","s":{"1":1},"b":{},"f":{},"fnMap":{},"statementMap":{"1":{"start":{"line":8,"column":0},"end":{"line":13,"column":2}}},"branchMap":{}},"/home/codio/workspace/api/controllers/BusController.js":{"path":"/home/codio/workspace/api/controllers/BusController.js","s":{"1":1,"2":2,"3":2,"4":2,"5":2,"6":2,"7":0,"8":0,"9":0,"10":0,"11":0,"12":0,"13":0,"14":0,"15":0,"16":0,"17":0,"18":0,"19":0,"20":0,"21":0,"22":0,"23":0,"24":0,"25":0,"26":0,"27":0,"28":0,"29":0,"30":0,"31":0,"32":0,"33":0,"34":0,"35":0,"36":0,"37":0,"38":0,"39":0,"40":0,"41":0,"42":0,"43":0,"44":0,"45":0,"46":0,"47":0,"48":0,"49":0,"50":1,"51":2,"52":2,"53":2,"54":2,"55":2,"56":2,"57":2,"58":2,"59":2,"60":0,"61":2,"62":2,"63":2,"64":2,"65":1,"66":2,"67":30,"68":30,"69":30,"70":30,"71":30,"72":30,"73":30,"74":630,"75":240,"76":30,"77":1,"78":0,"79":0,"80":0,"81":0,"82":0,"83":0,"84":0,"85":0,"86":0,"87":0},"b":{"1":[2,0],"2":[0,0],"3":[0,0],"4":[0,0],"5":[0,0],"6":[0,0],"7":[0,0],"8":[0,0],"9":[0,0],"10":[0,0],"11":[0,0],"12":[0,0],"13":[2,0],"14":[240,390],"15":[0,0]},"f":{"1":2,"2":2,"3":0,"4":0,"5":0,"6":0,"7":0,"8":0,"9":0,"10":0,"11":2,"12":2,"13":0},"fnMap":{"1":{"name":"(anonymous_1)","line":9,"loc":{"start":{"line":9,"column":8},"end":{"line":9,"column":28}}},"2":{"name":"(anonymous_2)","line":10,"loc":{"start":{"line":10,"column":20},"end":{"line":10,"column":40}}},"3":{"name":"(anonymous_3)","line":20,"loc":{"start":{"line":20,"column":10},"end":{"line":20,"column":30}}},"4":{"name":"(anonymous_4)","line":36,"loc":{"start":{"line":36,"column":7},"end":{"line":36,"column":26}}},"5":{"name":"(anonymous_5)","line":48,"loc":{"start":{"line":48,"column":22},"end":{"line":48,"column":41}}},"6":{"name":"(anonymous_6)","line":75,"loc":{"start":{"line":75,"column":10},"end":{"line":75,"column":30}}},"7":{"name":"(anonymous_7)","line":78,"loc":{"start":{"line":78,"column":28},"end":{"line":78,"column":47}}},"8":{"name":"(anonymous_8)","line":88,"loc":{"start":{"line":88,"column":18},"end":{"line":88,"column":32}}},"9":{"name":"(anonymous_9)","line":102,"loc":{"start":{"line":102,"column":10},"end":{"line":102,"column":30}}},"10":{"name":"(anonymous_10)","line":104,"loc":{"start":{"line":104,"column":28},"end":{"line":104,"column":47}}},"11":{"name":"createCjTemplate","line":117,"loc":{"start":{"line":117,"column":0},"end":{"line":117,"column":38}}},"12":{"name":"renderTransports","line":141,"loc":{"start":{"line":141,"column":0},"end":{"line":141,"column":42}}},"13":{"name":"renderTransport","line":166,"loc":{"start":{"line":166,"column":0},"end":{"line":166,"column":41}}}},"statementMap":{"1":{"start":{"line":8,"column":0},"end":{"line":115,"column":2}},"2":{"start":{"line":10,"column":4},"end":{"line":18,"column":7}},"3":{"start":{"line":11,"column":8},"end":{"line":17,"column":9}},"4":{"start":{"line":12,"column":12},"end":{"line":12,"column":52}},"5":{"start":{"line":13,"column":12},"end":{"line":13,"column":77}},"6":{"start":{"line":14,"column":12},"end":{"line":14,"column":63}},"7":{"start":{"line":16,"column":12},"end":{"line":16,"column":49}},"8":{"start":{"line":21,"column":4},"end":{"line":21,"column":19}},"9":{"start":{"line":22,"column":4},"end":{"line":22,"column":65}},"10":{"start":{"line":23,"column":4},"end":{"line":23,"column":49}},"11":{"start":{"line":24,"column":4},"end":{"line":24,"column":43}},"12":{"start":{"line":25,"column":4},"end":{"line":25,"column":35}},"13":{"start":{"line":26,"column":4},"end":{"line":26,"column":39}},"14":{"start":{"line":27,"column":4},"end":{"line":27,"column":53}},"15":{"start":{"line":28,"column":4},"end":{"line":28,"column":47}},"16":{"start":{"line":29,"column":4},"end":{"line":29,"column":37}},"17":{"start":{"line":30,"column":4},"end":{"line":30,"column":39}},"18":{"start":{"line":32,"column":4},"end":{"line":73,"column":7}},"19":{"start":{"line":37,"column":8},"end":{"line":72,"column":9}},"20":{"start":{"line":38,"column":12},"end":{"line":63,"column":15}},"21":{"start":{"line":49,"column":16},"end":{"line":62,"column":17}},"22":{"start":{"line":50,"column":20},"end":{"line":52,"column":23}},"23":{"start":{"line":54,"column":20},"end":{"line":54,"column":39}},"24":{"start":{"line":56,"column":20},"end":{"line":56,"column":102}},"25":{"start":{"line":59,"column":20},"end":{"line":61,"column":23}},"26":{"start":{"line":64,"column":15},"end":{"line":72,"column":9}},"27":{"start":{"line":65,"column":12},"end":{"line":67,"column":15}},"28":{"start":{"line":69,"column":12},"end":{"line":71,"column":15}},"29":{"start":{"line":76,"column":4},"end":{"line":76,"column":27}},"30":{"start":{"line":78,"column":4},"end":{"line":100,"column":7}},"31":{"start":{"line":79,"column":8},"end":{"line":99,"column":9}},"32":{"start":{"line":81,"column":12},"end":{"line":81,"column":27}},"33":{"start":{"line":82,"column":12},"end":{"line":86,"column":13}},"34":{"start":{"line":83,"column":16},"end":{"line":85,"column":17}},"35":{"start":{"line":87,"column":12},"end":{"line":94,"column":15}},"36":{"start":{"line":89,"column":16},"end":{"line":93,"column":17}},"37":{"start":{"line":90,"column":20},"end":{"line":90,"column":85}},"38":{"start":{"line":92,"column":20},"end":{"line":92,"column":84}},"39":{"start":{"line":95,"column":15},"end":{"line":99,"column":9}},"40":{"start":{"line":96,"column":12},"end":{"line":96,"column":67}},"41":{"start":{"line":98,"column":12},"end":{"line":98,"column":76}},"42":{"start":{"line":103,"column":4},"end":{"line":103,"column":27}},"43":{"start":{"line":104,"column":4},"end":{"line":113,"column":7}},"44":{"start":{"line":105,"column":8},"end":{"line":112,"column":9}},"45":{"start":{"line":106,"column":12},"end":{"line":106,"column":29}},"46":{"start":{"line":107,"column":12},"end":{"line":107,"column":73}},"47":{"start":{"line":108,"column":15},"end":{"line":112,"column":9}},"48":{"start":{"line":109,"column":12},"end":{"line":109,"column":67}},"49":{"start":{"line":111,"column":12},"end":{"line":111,"column":76}},"50":{"start":{"line":117,"column":0},"end":{"line":139,"column":1}},"51":{"start":{"line":118,"column":4},"end":{"line":118,"column":16}},"52":{"start":{"line":119,"column":4},"end":{"line":119,"column":23}},"53":{"start":{"line":120,"column":4},"end":{"line":120,"column":34}},"54":{"start":{"line":121,"column":4},"end":{"line":121,"column":39}},"55":{"start":{"line":123,"column":4},"end":{"line":123,"column":29}},"56":{"start":{"line":124,"column":4},"end":{"line":124,"column":60}},"57":{"start":{"line":126,"column":4},"end":{"line":126,"column":29}},"58":{"start":{"line":128,"column":4},"end":{"line":132,"column":5}},"59":{"start":{"line":129,"column":8},"end":{"line":129,"column":41}},"60":{"start":{"line":131,"column":8},"end":{"line":131,"column":40}},"61":{"start":{"line":134,"column":4},"end":{"line":134,"column":35}},"62":{"start":{"line":136,"column":4},"end":{"line":136,"column":31}},"63":{"start":{"line":137,"column":4},"end":{"line":137,"column":32}},"64":{"start":{"line":138,"column":4},"end":{"line":138,"column":14}},"65":{"start":{"line":141,"column":0},"end":{"line":164,"column":1}},"66":{"start":{"line":143,"column":4},"end":{"line":163,"column":5}},"67":{"start":{"line":144,"column":8},"end":{"line":144,"column":18}},"68":{"start":{"line":145,"column":8},"end":{"line":145,"column":48}},"69":{"start":{"line":146,"column":8},"end":{"line":146,"column":23}},"70":{"start":{"line":147,"column":8},"end":{"line":147,"column":24}},"71":{"start":{"line":149,"column":8},"end":{"line":149,"column":18}},"72":{"start":{"line":150,"column":8},"end":{"line":150,"column":141}},"73":{"start":{"line":152,"column":8},"end":{"line":160,"column":9}},"74":{"start":{"line":153,"column":12},"end":{"line":159,"column":13}},"75":{"start":{"line":154,"column":16},"end":{"line":158,"column":18}},"76":{"start":{"line":162,"column":8},"end":{"line":162,"column":39}},"77":{"start":{"line":166,"column":0},"end":{"line":187,"column":1}},"78":{"start":{"line":168,"column":8},"end":{"line":168,"column":18}},"79":{"start":{"line":169,"column":8},"end":{"line":169,"column":45}},"80":{"start":{"line":170,"column":8},"end":{"line":170,"column":23}},"81":{"start":{"line":171,"column":8},"end":{"line":171,"column":24}},"82":{"start":{"line":173,"column":8},"end":{"line":173,"column":18}},"83":{"start":{"line":174,"column":8},"end":{"line":174,"column":141}},"84":{"start":{"line":176,"column":8},"end":{"line":184,"column":9}},"85":{"start":{"line":177,"column":12},"end":{"line":183,"column":13}},"86":{"start":{"line":178,"column":16},"end":{"line":182,"column":18}},"87":{"start":{"line":186,"column":8},"end":{"line":186,"column":39}}},"branchMap":{"1":{"line":11,"type":"if","locations":[{"start":{"line":11,"column":8},"end":{"line":11,"column":8}},{"start":{"line":11,"column":8},"end":{"line":11,"column":8}}]},"2":{"line":37,"type":"if","locations":[{"start":{"line":37,"column":8},"end":{"line":37,"column":8}},{"start":{"line":37,"column":8},"end":{"line":37,"column":8}}]},"3":{"line":37,"type":"binary-expr","locations":[{"start":{"line":37,"column":12},"end":{"line":37,"column":16}},{"start":{"line":37,"column":20},"end":{"line":37,"column":24}}]},"4":{"line":49,"type":"if","locations":[{"start":{"line":49,"column":16},"end":{"line":49,"column":16}},{"start":{"line":49,"column":16},"end":{"line":49,"column":16}}]},"5":{"line":64,"type":"if","locations":[{"start":{"line":64,"column":15},"end":{"line":64,"column":15}},{"start":{"line":64,"column":15},"end":{"line":64,"column":15}}]},"6":{"line":79,"type":"if","locations":[{"start":{"line":79,"column":8},"end":{"line":79,"column":8}},{"start":{"line":79,"column":8},"end":{"line":79,"column":8}}]},"7":{"line":79,"type":"binary-expr","locations":[{"start":{"line":79,"column":11},"end":{"line":79,"column":15}},{"start":{"line":79,"column":19},"end":{"line":79,"column":22}}]},"8":{"line":89,"type":"if","locations":[{"start":{"line":89,"column":16},"end":{"line":89,"column":16}},{"start":{"line":89,"column":16},"end":{"line":89,"column":16}}]},"9":{"line":95,"type":"if","locations":[{"start":{"line":95,"column":15},"end":{"line":95,"column":15}},{"start":{"line":95,"column":15},"end":{"line":95,"column":15}}]},"10":{"line":105,"type":"if","locations":[{"start":{"line":105,"column":8},"end":{"line":105,"column":8}},{"start":{"line":105,"column":8},"end":{"line":105,"column":8}}]},"11":{"line":105,"type":"binary-expr","locations":[{"start":{"line":105,"column":12},"end":{"line":105,"column":16}},{"start":{"line":105,"column":20},"end":{"line":105,"column":23}}]},"12":{"line":108,"type":"if","locations":[{"start":{"line":108,"column":15},"end":{"line":108,"column":15}},{"start":{"line":108,"column":15},"end":{"line":108,"column":15}}]},"13":{"line":128,"type":"if","locations":[{"start":{"line":128,"column":4},"end":{"line":128,"column":4}},{"start":{"line":128,"column":4},"end":{"line":128,"column":4}}]},"14":{"line":153,"type":"if","locations":[{"start":{"line":153,"column":12},"end":{"line":153,"column":12}},{"start":{"line":153,"column":12},"end":{"line":153,"column":12}}]},"15":{"line":177,"type":"if","locations":[{"start":{"line":177,"column":12},"end":{"line":177,"column":12}},{"start":{"line":177,"column":12},"end":{"line":177,"column":12}}]}}},"/home/codio/workspace/api/controllers/FlightController.js":{"path":"/home/codio/workspace/api/controllers/FlightController.js","s":{"1":1,"2":2,"3":2,"4":2,"5":2,"6":2,"7":0,"8":0,"9":0,"10":0,"11":0,"12":0,"13":0,"14":0,"15":0,"16":0,"17":0,"18":0,"19":0,"20":0,"21":0,"22":0,"23":0,"24":0,"25":0,"26":0,"27":0,"28":0,"29":0,"30":0,"31":0,"32":0,"33":0,"34":0,"35":0,"36":0,"37":0,"38":0,"39":0,"40":0,"41":0,"42":0,"43":0,"44":0,"45":0,"46":0,"47":0,"48":0,"49":0,"50":0,"51":0,"52":1,"53":2,"54":2,"55":2,"56":2,"57":2,"58":2,"59":2,"60":2,"61":0,"62":2,"63":2,"64":2,"65":2,"66":2,"67":1,"68":0,"69":0,"70":0,"71":0,"72":0,"73":0,"74":0,"75":0,"76":0,"77":0,"78":0,"79":1,"80":2,"81":2,"82":2,"83":2,"84":2,"85":2,"86":2,"87":0,"88":0,"89":2},"b":{"1":[2,0],"2":[0,0],"3":[0,0],"4":[0,0],"5":[0,0],"6":[0,0],"7":[0,0],"8":[0,0],"9":[0,0],"10":[0,0],"11":[0,0],"12":[0,0],"13":[0,0],"14":[0,2],"15":[0,0],"16":[0,0]},"f":{"1":2,"2":2,"3":0,"4":0,"5":0,"6":0,"7":0,"8":0,"9":0,"10":0,"11":0,"12":2,"13":0,"14":2},"fnMap":{"1":{"name":"(anonymous_1)","line":9,"loc":{"start":{"line":9,"column":8},"end":{"line":9,"column":28}}},"2":{"name":"(anonymous_2)","line":10,"loc":{"start":{"line":10,"column":23},"end":{"line":10,"column":43}}},"3":{"name":"(anonymous_3)","line":20,"loc":{"start":{"line":20,"column":10},"end":{"line":20,"column":30}}},"4":{"name":"(anonymous_4)","line":37,"loc":{"start":{"line":37,"column":7},"end":{"line":37,"column":26}}},"5":{"name":"(anonymous_5)","line":50,"loc":{"start":{"line":50,"column":22},"end":{"line":50,"column":44}}},"6":{"name":"(anonymous_6)","line":75,"loc":{"start":{"line":75,"column":10},"end":{"line":75,"column":30}}},"7":{"name":"(anonymous_7)","line":78,"loc":{"start":{"line":78,"column":31},"end":{"line":78,"column":50}}},"8":{"name":"(anonymous_8)","line":88,"loc":{"start":{"line":88,"column":18},"end":{"line":88,"column":40}}},"9":{"name":"(anonymous_9)","line":102,"loc":{"start":{"line":102,"column":10},"end":{"line":102,"column":30}}},"10":{"name":"(anonymous_10)","line":104,"loc":{"start":{"line":104,"column":31},"end":{"line":104,"column":50}}},"11":{"name":"(anonymous_11)","line":107,"loc":{"start":{"line":107,"column":18},"end":{"line":107,"column":32}}},"12":{"name":"createCjTemplate","line":123,"loc":{"start":{"line":123,"column":0},"end":{"line":123,"column":38}}},"13":{"name":"renderTransports","line":147,"loc":{"start":{"line":147,"column":0},"end":{"line":147,"column":42}}},"14":{"name":"renderTransport","line":172,"loc":{"start":{"line":172,"column":0},"end":{"line":172,"column":41}}}},"statementMap":{"1":{"start":{"line":8,"column":0},"end":{"line":121,"column":2}},"2":{"start":{"line":10,"column":4},"end":{"line":18,"column":7}},"3":{"start":{"line":11,"column":8},"end":{"line":17,"column":9}},"4":{"start":{"line":12,"column":12},"end":{"line":12,"column":52}},"5":{"start":{"line":13,"column":12},"end":{"line":13,"column":77}},"6":{"start":{"line":14,"column":12},"end":{"line":14,"column":63}},"7":{"start":{"line":16,"column":12},"end":{"line":16,"column":49}},"8":{"start":{"line":21,"column":4},"end":{"line":21,"column":22}},"9":{"start":{"line":22,"column":4},"end":{"line":22,"column":65}},"10":{"start":{"line":23,"column":4},"end":{"line":23,"column":37}},"11":{"start":{"line":24,"column":4},"end":{"line":24,"column":49}},"12":{"start":{"line":25,"column":4},"end":{"line":25,"column":43}},"13":{"start":{"line":26,"column":4},"end":{"line":26,"column":53}},"14":{"start":{"line":27,"column":4},"end":{"line":27,"column":47}},"15":{"start":{"line":28,"column":4},"end":{"line":28,"column":49}},"16":{"start":{"line":29,"column":4},"end":{"line":29,"column":45}},"17":{"start":{"line":30,"column":4},"end":{"line":30,"column":37}},"18":{"start":{"line":31,"column":4},"end":{"line":31,"column":39}},"19":{"start":{"line":33,"column":4},"end":{"line":73,"column":7}},"20":{"start":{"line":38,"column":8},"end":{"line":72,"column":9}},"21":{"start":{"line":39,"column":12},"end":{"line":63,"column":15}},"22":{"start":{"line":51,"column":16},"end":{"line":62,"column":17}},"23":{"start":{"line":52,"column":20},"end":{"line":54,"column":23}},"24":{"start":{"line":56,"column":20},"end":{"line":56,"column":114}},"25":{"start":{"line":59,"column":20},"end":{"line":61,"column":23}},"26":{"start":{"line":64,"column":15},"end":{"line":72,"column":9}},"27":{"start":{"line":65,"column":12},"end":{"line":67,"column":15}},"28":{"start":{"line":69,"column":12},"end":{"line":71,"column":15}},"29":{"start":{"line":76,"column":4},"end":{"line":76,"column":27}},"30":{"start":{"line":78,"column":4},"end":{"line":100,"column":7}},"31":{"start":{"line":79,"column":8},"end":{"line":99,"column":9}},"32":{"start":{"line":81,"column":12},"end":{"line":81,"column":27}},"33":{"start":{"line":82,"column":12},"end":{"line":86,"column":13}},"34":{"start":{"line":83,"column":16},"end":{"line":85,"column":17}},"35":{"start":{"line":87,"column":12},"end":{"line":94,"column":15}},"36":{"start":{"line":89,"column":16},"end":{"line":93,"column":17}},"37":{"start":{"line":90,"column":20},"end":{"line":90,"column":94}},"38":{"start":{"line":92,"column":20},"end":{"line":92,"column":87}},"39":{"start":{"line":95,"column":15},"end":{"line":99,"column":9}},"40":{"start":{"line":96,"column":12},"end":{"line":96,"column":70}},"41":{"start":{"line":98,"column":12},"end":{"line":98,"column":79}},"42":{"start":{"line":103,"column":4},"end":{"line":103,"column":27}},"43":{"start":{"line":104,"column":4},"end":{"line":119,"column":7}},"44":{"start":{"line":105,"column":8},"end":{"line":118,"column":9}},"45":{"start":{"line":106,"column":12},"end":{"line":113,"column":15}},"46":{"start":{"line":108,"column":16},"end":{"line":112,"column":17}},"47":{"start":{"line":109,"column":20},"end":{"line":109,"column":84}},"48":{"start":{"line":111,"column":20},"end":{"line":111,"column":87}},"49":{"start":{"line":114,"column":15},"end":{"line":118,"column":9}},"50":{"start":{"line":115,"column":12},"end":{"line":115,"column":70}},"51":{"start":{"line":117,"column":12},"end":{"line":117,"column":79}},"52":{"start":{"line":123,"column":0},"end":{"line":145,"column":1}},"53":{"start":{"line":124,"column":4},"end":{"line":124,"column":16}},"54":{"start":{"line":125,"column":4},"end":{"line":125,"column":23}},"55":{"start":{"line":126,"column":4},"end":{"line":126,"column":34}},"56":{"start":{"line":127,"column":4},"end":{"line":127,"column":42}},"57":{"start":{"line":129,"column":4},"end":{"line":129,"column":29}},"58":{"start":{"line":130,"column":4},"end":{"line":130,"column":60}},"59":{"start":{"line":132,"column":4},"end":{"line":132,"column":29}},"60":{"start":{"line":134,"column":4},"end":{"line":138,"column":5}},"61":{"start":{"line":135,"column":8},"end":{"line":135,"column":41}},"62":{"start":{"line":137,"column":8},"end":{"line":137,"column":40}},"63":{"start":{"line":140,"column":4},"end":{"line":140,"column":35}},"64":{"start":{"line":142,"column":4},"end":{"line":142,"column":31}},"65":{"start":{"line":143,"column":4},"end":{"line":143,"column":32}},"66":{"start":{"line":144,"column":4},"end":{"line":144,"column":14}},"67":{"start":{"line":147,"column":0},"end":{"line":170,"column":1}},"68":{"start":{"line":149,"column":4},"end":{"line":169,"column":5}},"69":{"start":{"line":150,"column":8},"end":{"line":150,"column":18}},"70":{"start":{"line":151,"column":8},"end":{"line":151,"column":52}},"71":{"start":{"line":152,"column":8},"end":{"line":152,"column":23}},"72":{"start":{"line":153,"column":8},"end":{"line":153,"column":24}},"73":{"start":{"line":155,"column":8},"end":{"line":155,"column":18}},"74":{"start":{"line":156,"column":8},"end":{"line":156,"column":152}},"75":{"start":{"line":158,"column":8},"end":{"line":166,"column":9}},"76":{"start":{"line":159,"column":12},"end":{"line":165,"column":13}},"77":{"start":{"line":160,"column":16},"end":{"line":164,"column":18}},"78":{"start":{"line":168,"column":8},"end":{"line":168,"column":39}},"79":{"start":{"line":172,"column":0},"end":{"line":193,"column":1}},"80":{"start":{"line":174,"column":8},"end":{"line":174,"column":18}},"81":{"start":{"line":175,"column":8},"end":{"line":175,"column":49}},"82":{"start":{"line":176,"column":8},"end":{"line":176,"column":23}},"83":{"start":{"line":177,"column":8},"end":{"line":177,"column":24}},"84":{"start":{"line":179,"column":8},"end":{"line":179,"column":18}},"85":{"start":{"line":180,"column":8},"end":{"line":180,"column":152}},"86":{"start":{"line":182,"column":8},"end":{"line":190,"column":9}},"87":{"start":{"line":183,"column":12},"end":{"line":189,"column":13}},"88":{"start":{"line":184,"column":16},"end":{"line":188,"column":18}},"89":{"start":{"line":192,"column":8},"end":{"line":192,"column":39}}},"branchMap":{"1":{"line":11,"type":"if","locations":[{"start":{"line":11,"column":8},"end":{"line":11,"column":8}},{"start":{"line":11,"column":8},"end":{"line":11,"column":8}}]},"2":{"line":38,"type":"if","locations":[{"start":{"line":38,"column":8},"end":{"line":38,"column":8}},{"start":{"line":38,"column":8},"end":{"line":38,"column":8}}]},"3":{"line":38,"type":"binary-expr","locations":[{"start":{"line":38,"column":12},"end":{"line":38,"column":16}},{"start":{"line":38,"column":20},"end":{"line":38,"column":24}}]},"4":{"line":51,"type":"if","locations":[{"start":{"line":51,"column":16},"end":{"line":51,"column":16}},{"start":{"line":51,"column":16},"end":{"line":51,"column":16}}]},"5":{"line":64,"type":"if","locations":[{"start":{"line":64,"column":15},"end":{"line":64,"column":15}},{"start":{"line":64,"column":15},"end":{"line":64,"column":15}}]},"6":{"line":79,"type":"if","locations":[{"start":{"line":79,"column":8},"end":{"line":79,"column":8}},{"start":{"line":79,"column":8},"end":{"line":79,"column":8}}]},"7":{"line":79,"type":"binary-expr","locations":[{"start":{"line":79,"column":11},"end":{"line":79,"column":15}},{"start":{"line":79,"column":19},"end":{"line":79,"column":22}}]},"8":{"line":89,"type":"if","locations":[{"start":{"line":89,"column":16},"end":{"line":89,"column":16}},{"start":{"line":89,"column":16},"end":{"line":89,"column":16}}]},"9":{"line":95,"type":"if","locations":[{"start":{"line":95,"column":15},"end":{"line":95,"column":15}},{"start":{"line":95,"column":15},"end":{"line":95,"column":15}}]},"10":{"line":105,"type":"if","locations":[{"start":{"line":105,"column":8},"end":{"line":105,"column":8}},{"start":{"line":105,"column":8},"end":{"line":105,"column":8}}]},"11":{"line":105,"type":"binary-expr","locations":[{"start":{"line":105,"column":12},"end":{"line":105,"column":16}},{"start":{"line":105,"column":20},"end":{"line":105,"column":23}}]},"12":{"line":108,"type":"if","locations":[{"start":{"line":108,"column":16},"end":{"line":108,"column":16}},{"start":{"line":108,"column":16},"end":{"line":108,"column":16}}]},"13":{"line":114,"type":"if","locations":[{"start":{"line":114,"column":15},"end":{"line":114,"column":15}},{"start":{"line":114,"column":15},"end":{"line":114,"column":15}}]},"14":{"line":134,"type":"if","locations":[{"start":{"line":134,"column":4},"end":{"line":134,"column":4}},{"start":{"line":134,"column":4},"end":{"line":134,"column":4}}]},"15":{"line":159,"type":"if","locations":[{"start":{"line":159,"column":12},"end":{"line":159,"column":12}},{"start":{"line":159,"column":12},"end":{"line":159,"column":12}}]},"16":{"line":183,"type":"if","locations":[{"start":{"line":183,"column":12},"end":{"line":183,"column":12}},{"start":{"line":183,"column":12},"end":{"line":183,"column":12}}]}}},"/home/codio/workspace/api/controllers/TrainController.js":{"path":"/home/codio/workspace/api/controllers/TrainController.js","s":{"1":1,"2":2,"3":2,"4":2,"5":2,"6":2,"7":0,"8":0,"9":0,"10":0,"11":0,"12":0,"13":0,"14":0,"15":0,"16":0,"17":0,"18":0,"19":0,"20":0,"21":0,"22":0,"23":0,"24":0,"25":0,"26":0,"27":0,"28":0,"29":0,"30":0,"31":0,"32":0,"33":0,"34":0,"35":0,"36":0,"37":0,"38":0,"39":0,"40":0,"41":0,"42":0,"43":0,"44":0,"45":0,"46":0,"47":0,"48":0,"49":0,"50":0,"51":0,"52":0,"53":1,"54":2,"55":2,"56":2,"57":2,"58":2,"59":2,"60":2,"61":2,"62":0,"63":2,"64":2,"65":2,"66":2,"67":2,"68":1,"69":0,"70":0,"71":0,"72":0,"73":0,"74":0,"75":0,"76":0,"77":0,"78":0,"79":0,"80":1,"81":2,"82":2,"83":2,"84":2,"85":2,"86":2,"87":2,"88":0,"89":0,"90":2},"b":{"1":[2,0],"2":[0,0],"3":[0,0],"4":[0,0],"5":[0,0],"6":[0,0],"7":[0,0],"8":[0,0],"9":[0,0],"10":[0,0],"11":[0,0],"12":[0,0],"13":[0,0],"14":[0,2],"15":[0,0],"16":[0,0]},"f":{"1":2,"2":2,"3":0,"4":0,"5":0,"6":0,"7":0,"8":0,"9":0,"10":0,"11":0,"12":2,"13":0,"14":2},"fnMap":{"1":{"name":"(anonymous_1)","line":9,"loc":{"start":{"line":9,"column":8},"end":{"line":9,"column":28}}},"2":{"name":"(anonymous_2)","line":10,"loc":{"start":{"line":10,"column":22},"end":{"line":10,"column":42}}},"3":{"name":"(anonymous_3)","line":20,"loc":{"start":{"line":20,"column":10},"end":{"line":20,"column":30}}},"4":{"name":"(anonymous_4)","line":38,"loc":{"start":{"line":38,"column":7},"end":{"line":38,"column":26}}},"5":{"name":"(anonymous_5)","line":52,"loc":{"start":{"line":52,"column":22},"end":{"line":52,"column":43}}},"6":{"name":"(anonymous_6)","line":77,"loc":{"start":{"line":77,"column":10},"end":{"line":77,"column":30}}},"7":{"name":"(anonymous_7)","line":80,"loc":{"start":{"line":80,"column":30},"end":{"line":80,"column":49}}},"8":{"name":"(anonymous_8)","line":90,"loc":{"start":{"line":90,"column":18},"end":{"line":90,"column":39}}},"9":{"name":"(anonymous_9)","line":104,"loc":{"start":{"line":104,"column":10},"end":{"line":104,"column":30}}},"10":{"name":"(anonymous_10)","line":106,"loc":{"start":{"line":106,"column":31},"end":{"line":106,"column":50}}},"11":{"name":"(anonymous_11)","line":109,"loc":{"start":{"line":109,"column":18},"end":{"line":109,"column":32}}},"12":{"name":"createCjTemplate","line":125,"loc":{"start":{"line":125,"column":0},"end":{"line":125,"column":38}}},"13":{"name":"renderTransports","line":149,"loc":{"start":{"line":149,"column":0},"end":{"line":149,"column":42}}},"14":{"name":"renderTransport","line":174,"loc":{"start":{"line":174,"column":0},"end":{"line":174,"column":41}}}},"statementMap":{"1":{"start":{"line":8,"column":0},"end":{"line":123,"column":2}},"2":{"start":{"line":10,"column":4},"end":{"line":18,"column":7}},"3":{"start":{"line":11,"column":8},"end":{"line":17,"column":9}},"4":{"start":{"line":12,"column":12},"end":{"line":12,"column":52}},"5":{"start":{"line":13,"column":12},"end":{"line":13,"column":77}},"6":{"start":{"line":14,"column":12},"end":{"line":14,"column":63}},"7":{"start":{"line":16,"column":12},"end":{"line":16,"column":49}},"8":{"start":{"line":21,"column":4},"end":{"line":21,"column":21}},"9":{"start":{"line":22,"column":4},"end":{"line":22,"column":65}},"10":{"start":{"line":23,"column":4},"end":{"line":23,"column":51}},"11":{"start":{"line":24,"column":4},"end":{"line":24,"column":49}},"12":{"start":{"line":25,"column":4},"end":{"line":25,"column":43}},"13":{"start":{"line":26,"column":4},"end":{"line":26,"column":55}},"14":{"start":{"line":27,"column":4},"end":{"line":27,"column":53}},"15":{"start":{"line":28,"column":4},"end":{"line":28,"column":47}},"16":{"start":{"line":29,"column":4},"end":{"line":29,"column":37}},"17":{"start":{"line":30,"column":4},"end":{"line":30,"column":39}},"18":{"start":{"line":31,"column":4},"end":{"line":31,"column":39}},"19":{"start":{"line":32,"column":4},"end":{"line":32,"column":43}},"20":{"start":{"line":34,"column":4},"end":{"line":75,"column":7}},"21":{"start":{"line":39,"column":8},"end":{"line":74,"column":9}},"22":{"start":{"line":40,"column":12},"end":{"line":65,"column":15}},"23":{"start":{"line":53,"column":16},"end":{"line":64,"column":17}},"24":{"start":{"line":54,"column":20},"end":{"line":56,"column":23}},"25":{"start":{"line":58,"column":20},"end":{"line":58,"column":110}},"26":{"start":{"line":61,"column":20},"end":{"line":63,"column":23}},"27":{"start":{"line":66,"column":15},"end":{"line":74,"column":9}},"28":{"start":{"line":67,"column":12},"end":{"line":69,"column":15}},"29":{"start":{"line":71,"column":12},"end":{"line":73,"column":15}},"30":{"start":{"line":78,"column":4},"end":{"line":78,"column":27}},"31":{"start":{"line":80,"column":4},"end":{"line":102,"column":7}},"32":{"start":{"line":81,"column":8},"end":{"line":101,"column":9}},"33":{"start":{"line":83,"column":12},"end":{"line":83,"column":27}},"34":{"start":{"line":84,"column":12},"end":{"line":88,"column":13}},"35":{"start":{"line":85,"column":16},"end":{"line":87,"column":17}},"36":{"start":{"line":89,"column":12},"end":{"line":96,"column":15}},"37":{"start":{"line":91,"column":16},"end":{"line":95,"column":17}},"38":{"start":{"line":92,"column":20},"end":{"line":92,"column":91}},"39":{"start":{"line":94,"column":20},"end":{"line":94,"column":86}},"40":{"start":{"line":97,"column":15},"end":{"line":101,"column":9}},"41":{"start":{"line":98,"column":12},"end":{"line":98,"column":69}},"42":{"start":{"line":100,"column":12},"end":{"line":100,"column":78}},"43":{"start":{"line":105,"column":4},"end":{"line":105,"column":27}},"44":{"start":{"line":106,"column":4},"end":{"line":121,"column":7}},"45":{"start":{"line":107,"column":8},"end":{"line":120,"column":9}},"46":{"start":{"line":108,"column":12},"end":{"line":115,"column":15}},"47":{"start":{"line":110,"column":16},"end":{"line":114,"column":17}},"48":{"start":{"line":111,"column":20},"end":{"line":111,"column":83}},"49":{"start":{"line":113,"column":20},"end":{"line":113,"column":86}},"50":{"start":{"line":116,"column":15},"end":{"line":120,"column":9}},"51":{"start":{"line":117,"column":12},"end":{"line":117,"column":69}},"52":{"start":{"line":119,"column":12},"end":{"line":119,"column":78}},"53":{"start":{"line":125,"column":0},"end":{"line":147,"column":1}},"54":{"start":{"line":126,"column":4},"end":{"line":126,"column":16}},"55":{"start":{"line":127,"column":4},"end":{"line":127,"column":23}},"56":{"start":{"line":128,"column":4},"end":{"line":128,"column":34}},"57":{"start":{"line":129,"column":4},"end":{"line":129,"column":41}},"58":{"start":{"line":131,"column":4},"end":{"line":131,"column":29}},"59":{"start":{"line":132,"column":4},"end":{"line":132,"column":60}},"60":{"start":{"line":134,"column":4},"end":{"line":134,"column":29}},"61":{"start":{"line":136,"column":4},"end":{"line":140,"column":5}},"62":{"start":{"line":137,"column":8},"end":{"line":137,"column":41}},"63":{"start":{"line":139,"column":8},"end":{"line":139,"column":40}},"64":{"start":{"line":142,"column":4},"end":{"line":142,"column":35}},"65":{"start":{"line":144,"column":4},"end":{"line":144,"column":31}},"66":{"start":{"line":145,"column":4},"end":{"line":145,"column":32}},"67":{"start":{"line":146,"column":4},"end":{"line":146,"column":14}},"68":{"start":{"line":149,"column":0},"end":{"line":172,"column":1}},"69":{"start":{"line":151,"column":4},"end":{"line":171,"column":5}},"70":{"start":{"line":152,"column":8},"end":{"line":152,"column":18}},"71":{"start":{"line":153,"column":8},"end":{"line":153,"column":51}},"72":{"start":{"line":154,"column":8},"end":{"line":154,"column":23}},"73":{"start":{"line":155,"column":8},"end":{"line":155,"column":24}},"74":{"start":{"line":157,"column":8},"end":{"line":157,"column":18}},"75":{"start":{"line":158,"column":8},"end":{"line":158,"column":192}},"76":{"start":{"line":160,"column":8},"end":{"line":168,"column":9}},"77":{"start":{"line":161,"column":12},"end":{"line":167,"column":13}},"78":{"start":{"line":162,"column":16},"end":{"line":166,"column":18}},"79":{"start":{"line":170,"column":8},"end":{"line":170,"column":39}},"80":{"start":{"line":174,"column":0},"end":{"line":195,"column":1}},"81":{"start":{"line":176,"column":8},"end":{"line":176,"column":18}},"82":{"start":{"line":177,"column":8},"end":{"line":177,"column":48}},"83":{"start":{"line":178,"column":8},"end":{"line":178,"column":23}},"84":{"start":{"line":179,"column":8},"end":{"line":179,"column":24}},"85":{"start":{"line":181,"column":8},"end":{"line":181,"column":18}},"86":{"start":{"line":182,"column":8},"end":{"line":182,"column":192}},"87":{"start":{"line":184,"column":8},"end":{"line":192,"column":9}},"88":{"start":{"line":185,"column":12},"end":{"line":191,"column":13}},"89":{"start":{"line":186,"column":16},"end":{"line":190,"column":18}},"90":{"start":{"line":194,"column":8},"end":{"line":194,"column":39}}},"branchMap":{"1":{"line":11,"type":"if","locations":[{"start":{"line":11,"column":8},"end":{"line":11,"column":8}},{"start":{"line":11,"column":8},"end":{"line":11,"column":8}}]},"2":{"line":39,"type":"if","locations":[{"start":{"line":39,"column":8},"end":{"line":39,"column":8}},{"start":{"line":39,"column":8},"end":{"line":39,"column":8}}]},"3":{"line":39,"type":"binary-expr","locations":[{"start":{"line":39,"column":12},"end":{"line":39,"column":16}},{"start":{"line":39,"column":20},"end":{"line":39,"column":24}}]},"4":{"line":53,"type":"if","locations":[{"start":{"line":53,"column":16},"end":{"line":53,"column":16}},{"start":{"line":53,"column":16},"end":{"line":53,"column":16}}]},"5":{"line":66,"type":"if","locations":[{"start":{"line":66,"column":15},"end":{"line":66,"column":15}},{"start":{"line":66,"column":15},"end":{"line":66,"column":15}}]},"6":{"line":81,"type":"if","locations":[{"start":{"line":81,"column":8},"end":{"line":81,"column":8}},{"start":{"line":81,"column":8},"end":{"line":81,"column":8}}]},"7":{"line":81,"type":"binary-expr","locations":[{"start":{"line":81,"column":11},"end":{"line":81,"column":15}},{"start":{"line":81,"column":19},"end":{"line":81,"column":22}}]},"8":{"line":91,"type":"if","locations":[{"start":{"line":91,"column":16},"end":{"line":91,"column":16}},{"start":{"line":91,"column":16},"end":{"line":91,"column":16}}]},"9":{"line":97,"type":"if","locations":[{"start":{"line":97,"column":15},"end":{"line":97,"column":15}},{"start":{"line":97,"column":15},"end":{"line":97,"column":15}}]},"10":{"line":107,"type":"if","locations":[{"start":{"line":107,"column":8},"end":{"line":107,"column":8}},{"start":{"line":107,"column":8},"end":{"line":107,"column":8}}]},"11":{"line":107,"type":"binary-expr","locations":[{"start":{"line":107,"column":12},"end":{"line":107,"column":16}},{"start":{"line":107,"column":20},"end":{"line":107,"column":23}}]},"12":{"line":110,"type":"if","locations":[{"start":{"line":110,"column":16},"end":{"line":110,"column":16}},{"start":{"line":110,"column":16},"end":{"line":110,"column":16}}]},"13":{"line":116,"type":"if","locations":[{"start":{"line":116,"column":15},"end":{"line":116,"column":15}},{"start":{"line":116,"column":15},"end":{"line":116,"column":15}}]},"14":{"line":136,"type":"if","locations":[{"start":{"line":136,"column":4},"end":{"line":136,"column":4}},{"start":{"line":136,"column":4},"end":{"line":136,"column":4}}]},"15":{"line":161,"type":"if","locations":[{"start":{"line":161,"column":12},"end":{"line":161,"column":12}},{"start":{"line":161,"column":12},"end":{"line":161,"column":12}}]},"16":{"line":185,"type":"if","locations":[{"start":{"line":185,"column":12},"end":{"line":185,"column":12}},{"start":{"line":185,"column":12},"end":{"line":185,"column":12}}]}}},"/home/codio/workspace/api/controllers/UserController.js":{"path":"/home/codio/workspace/api/controllers/UserController.js","s":{"1":1},"b":{},"f":{},"fnMap":{},"statementMap":{"1":{"start":{"line":8,"column":0},"end":{"line":10,"column":2}}},"branchMap":{}},"/home/codio/workspace/api/policies/sessionAuth.js":{"path":"/home/codio/workspace/api/policies/sessionAuth.js","s":{"1":1,"2":0,"3":0,"4":0},"b":{"1":[0,0]},"f":{"1":0},"fnMap":{"1":{"name":"(anonymous_1)","line":10,"loc":{"start":{"line":10,"column":17},"end":{"line":10,"column":42}}}},"statementMap":{"1":{"start":{"line":10,"column":0},"end":{"line":21,"column":2}},"2":{"start":{"line":14,"column":2},"end":{"line":16,"column":3}},"3":{"start":{"line":15,"column":4},"end":{"line":15,"column":18}},"4":{"start":{"line":20,"column":2},"end":{"line":20,"column":72}}},"branchMap":{"1":{"line":14,"type":"if","locations":[{"start":{"line":14,"column":2},"end":{"line":14,"column":2}},{"start":{"line":14,"column":2},"end":{"line":14,"column":2}}]}}}}